<?xml version="1.0" encoding="UTF-8"?>
<testsuite xmlns:xsi="http://www.w3.org/2001/XMLSchema-instance" xsi:noNamespaceSchemaLocation="https://maven.apache.org/surefire/maven-surefire-plugin/xsd/surefire-test-report.xsd" name="TestApi" time="0.738" tests="1" errors="0" skipped="0" failures="0">
  <properties>
    <property name="awt.toolkit" value="sun.awt.X11.XToolkit"/>
    <property name="file.encoding.pkg" value="sun.io"/>
    <property name="java.specification.version" value="1.8"/>
    <property name="sun.cpu.isalist" value=""/>
    <property name="sun.jnu.encoding" value="UTF-8"/>
    <property name="java.class.path" value="/tmp/hbase/target/test-classes:/tmp/hbase/target/classes:/repository/org/apache/hbase/hbase-client/2.4.2/hbase-client-2.4.2.jar:/repository/org/apache/hbase/thirdparty/hbase-shaded-protobuf/3.4.1/hbase-shaded-protobuf-3.4.1.jar:/repository/org/apache/hbase/hbase-common/2.4.2/hbase-common-2.4.2.jar:/repository/org/apache/hbase/hbase-logging/2.4.2/hbase-logging-2.4.2.jar:/repository/org/apache/hbase/thirdparty/hbase-shaded-gson/3.4.1/hbase-shaded-gson-3.4.1.jar:/repository/org/apache/hbase/hbase-hadoop-compat/2.4.2/hbase-hadoop-compat-2.4.2.jar:/repository/org/apache/hbase/hbase-hadoop2-compat/2.4.2/hbase-hadoop2-compat-2.4.2.jar:/repository/javax/activation/javax.activation-api/1.2.0/javax.activation-api-1.2.0.jar:/repository/org/apache/hbase/hbase-protocol-shaded/2.4.2/hbase-protocol-shaded-2.4.2.jar:/repository/org/apache/hbase/hbase-protocol/2.4.2/hbase-protocol-2.4.2.jar:/repository/commons-codec/commons-codec/1.13/commons-codec-1.13.jar:/repository/commons-io/commons-io/2.6/commons-io-2.6.jar:/repository/org/apache/commons/commons-lang3/3.9/commons-lang3-3.9.jar:/repository/org/slf4j/slf4j-api/1.7.30/slf4j-api-1.7.30.jar:/repository/org/apache/hbase/thirdparty/hbase-shaded-miscellaneous/3.4.1/hbase-shaded-miscellaneous-3.4.1.jar:/repository/com/google/errorprone/error_prone_annotations/2.3.4/error_prone_annotations-2.3.4.jar:/repository/com/google/protobuf/protobuf-java/2.5.0/protobuf-java-2.5.0.jar:/repository/org/apache/hbase/thirdparty/hbase-shaded-netty/3.4.1/hbase-shaded-netty-3.4.1.jar:/repository/org/apache/zookeeper/zookeeper/3.5.7/zookeeper-3.5.7.jar:/repository/org/apache/zookeeper/zookeeper-jute/3.5.7/zookeeper-jute-3.5.7.jar:/repository/io/netty/netty-handler/4.1.45.Final/netty-handler-4.1.45.Final.jar:/repository/io/netty/netty-common/4.1.45.Final/netty-common-4.1.45.Final.jar:/repository/io/netty/netty-buffer/4.1.45.Final/netty-buffer-4.1.45.Final.jar:/repository/io/netty/netty-transport/4.1.45.Final/netty-transport-4.1.45.Final.jar:/repository/io/netty/netty-resolver/4.1.45.Final/netty-resolver-4.1.45.Final.jar:/repository/io/netty/netty-codec/4.1.45.Final/netty-codec-4.1.45.Final.jar:/repository/io/netty/netty-transport-native-epoll/4.1.45.Final/netty-transport-native-epoll-4.1.45.Final.jar:/repository/io/netty/netty-transport-native-unix-common/4.1.45.Final/netty-transport-native-unix-common-4.1.45.Final.jar:/repository/org/apache/htrace/htrace-core4/4.2.0-incubating/htrace-core4-4.2.0-incubating.jar:/repository/org/jruby/jcodings/jcodings/1.0.55/jcodings-1.0.55.jar:/repository/org/jruby/joni/joni/2.1.31/joni-2.1.31.jar:/repository/io/dropwizard/metrics/metrics-core/3.2.6/metrics-core-3.2.6.jar:/repository/org/apache/commons/commons-crypto/1.0.0/commons-crypto-1.0.0.jar:/repository/org/apache/hadoop/hadoop-auth/2.10.0/hadoop-auth-2.10.0.jar:/repository/log4j/log4j/1.2.17/log4j-1.2.17.jar:/repository/org/slf4j/slf4j-log4j12/1.7.25/slf4j-log4j12-1.7.25.jar:/repository/org/apache/httpcomponents/httpclient/4.5.2/httpclient-4.5.2.jar:/repository/org/apache/httpcomponents/httpcore/4.4.4/httpcore-4.4.4.jar:/repository/com/nimbusds/nimbus-jose-jwt/4.41.1/nimbus-jose-jwt-4.41.1.jar:/repository/com/github/stephenc/jcip/jcip-annotations/1.0-1/jcip-annotations-1.0-1.jar:/repository/org/apache/directory/server/apacheds-kerberos-codec/2.0.0-M15/apacheds-kerberos-codec-2.0.0-M15.jar:/repository/org/apache/directory/server/apacheds-i18n/2.0.0-M15/apacheds-i18n-2.0.0-M15.jar:/repository/org/apache/directory/api/api-asn1-api/1.0.0-M20/api-asn1-api-1.0.0-M20.jar:/repository/org/apache/directory/api/api-util/1.0.0-M20/api-util-1.0.0-M20.jar:/repository/org/apache/curator/curator-framework/2.7.1/curator-framework-2.7.1.jar:/repository/org/apache/hadoop/hadoop-common/2.10.0/hadoop-common-2.10.0.jar:/repository/com/google/guava/guava/11.0.2/guava-11.0.2.jar:/repository/commons-cli/commons-cli/1.2/commons-cli-1.2.jar:/repository/xmlenc/xmlenc/0.52/xmlenc-0.52.jar:/repository/commons-net/commons-net/3.1/commons-net-3.1.jar:/repository/commons-collections/commons-collections/3.2.2/commons-collections-3.2.2.jar:/repository/org/mortbay/jetty/jetty-sslengine/6.1.26/jetty-sslengine-6.1.26.jar:/repository/commons-logging/commons-logging/1.1.3/commons-logging-1.1.3.jar:/repository/commons-lang/commons-lang/2.6/commons-lang-2.6.jar:/repository/commons-configuration/commons-configuration/1.6/commons-configuration-1.6.jar:/repository/commons-digester/commons-digester/1.8/commons-digester-1.8.jar:/repository/commons-beanutils/commons-beanutils/1.9.4/commons-beanutils-1.9.4.jar:/repository/org/codehaus/jackson/jackson-core-asl/1.9.13/jackson-core-asl-1.9.13.jar:/repository/org/codehaus/jackson/jackson-mapper-asl/1.9.13/jackson-mapper-asl-1.9.13.jar:/repository/org/apache/avro/avro/1.7.7/avro-1.7.7.jar:/repository/com/thoughtworks/paranamer/paranamer/2.3/paranamer-2.3.jar:/repository/org/xerial/snappy/snappy-java/1.0.5/snappy-java-1.0.5.jar:/repository/com/google/code/gson/gson/2.2.4/gson-2.2.4.jar:/repository/com/jcraft/jsch/0.1.54/jsch-0.1.54.jar:/repository/org/apache/curator/curator-client/2.7.1/curator-client-2.7.1.jar:/repository/org/apache/curator/curator-recipes/2.7.1/curator-recipes-2.7.1.jar:/repository/com/google/code/findbugs/jsr305/3.0.0/jsr305-3.0.0.jar:/repository/org/apache/commons/commons-compress/1.19/commons-compress-1.19.jar:/repository/org/codehaus/woodstox/stax2-api/3.1.4/stax2-api-3.1.4.jar:/repository/com/fasterxml/woodstox/woodstox-core/5.0.3/woodstox-core-5.0.3.jar:/repository/org/apache/yetus/audience-annotations/0.5.0/audience-annotations-0.5.0.jar:/repository/org/apache/hbase/hbase-server/2.4.2/hbase-server-2.4.2.jar:/repository/org/apache/hbase/hbase-http/2.4.2/hbase-http-2.4.2.jar:/repository/org/apache/hbase/thirdparty/hbase-shaded-jetty/3.4.1/hbase-shaded-jetty-3.4.1.jar:/repository/org/apache/hbase/thirdparty/hbase-shaded-jersey/3.4.1/hbase-shaded-jersey-3.4.1.jar:/repository/jakarta/ws/rs/jakarta.ws.rs-api/2.1.6/jakarta.ws.rs-api-2.1.6.jar:/repository/jakarta/annotation/jakarta.annotation-api/1.3.5/jakarta.annotation-api-1.3.5.jar:/repository/jakarta/validation/jakarta.validation-api/2.0.2/jakarta.validation-api-2.0.2.jar:/repository/org/glassfish/hk2/external/jakarta.inject/2.6.1/jakarta.inject-2.6.1.jar:/repository/org/javassist/javassist/3.25.0-GA/javassist-3.25.0-GA.jar:/repository/javax/ws/rs/javax.ws.rs-api/2.1.1/javax.ws.rs-api-2.1.1.jar:/repository/org/apache/hbase/hbase-procedure/2.4.2/hbase-procedure-2.4.2.jar:/repository/org/apache/hbase/hbase-zookeeper/2.4.2/hbase-zookeeper-2.4.2.jar:/repository/org/apache/hbase/hbase-replication/2.4.2/hbase-replication-2.4.2.jar:/repository/org/apache/hbase/hbase-metrics-api/2.4.2/hbase-metrics-api-2.4.2.jar:/repository/org/apache/hbase/hbase-metrics/2.4.2/hbase-metrics-2.4.2.jar:/repository/org/apache/hbase/hbase-asyncfs/2.4.2/hbase-asyncfs-2.4.2.jar:/repository/org/glassfish/web/javax.servlet.jsp/2.3.2/javax.servlet.jsp-2.3.2.jar:/repository/org/glassfish/javax.el/3.0.1-b12/javax.el-3.0.1-b12.jar:/repository/javax/servlet/jsp/javax.servlet.jsp-api/2.3.1/javax.servlet.jsp-api-2.3.1.jar:/repository/com/github/ben-manes/caffeine/caffeine/2.8.1/caffeine-2.8.1.jar:/repository/org/checkerframework/checker-qual/3.1.0/checker-qual-3.1.0.jar:/repository/org/apache/commons/commons-math3/3.6.1/commons-math3-3.6.1.jar:/repository/org/jamon/jamon-runtime/2.4.1/jamon-runtime-2.4.1.jar:/repository/javax/servlet/javax.servlet-api/3.1.0/javax.servlet-api-3.1.0.jar:/repository/com/lmax/disruptor/3.4.2/disruptor-3.4.2.jar:/repository/org/apache/hadoop/hadoop-distcp/2.10.0/hadoop-distcp-2.10.0.jar:/repository/org/apache/hadoop/hadoop-annotations/2.10.0/hadoop-annotations-2.10.0.jar:/opt/jdk8u282-b08/jre/../lib/tools.jar:/repository/org/apache/hadoop/hadoop-mapreduce-client-core/2.10.0/hadoop-mapreduce-client-core-2.10.0.jar:/repository/org/apache/hadoop/hadoop-yarn-client/2.10.0/hadoop-yarn-client-2.10.0.jar:/repository/org/apache/hadoop/hadoop-yarn-api/2.10.0/hadoop-yarn-api-2.10.0.jar:/repository/org/apache/hadoop/hadoop-yarn-common/2.10.0/hadoop-yarn-common-2.10.0.jar:/repository/javax/servlet/servlet-api/2.5/servlet-api-2.5.jar:/repository/com/sun/jersey/jersey-core/1.9/jersey-core-1.9.jar:/repository/com/sun/jersey/jersey-client/1.9/jersey-client-1.9.jar:/repository/org/codehaus/jackson/jackson-jaxrs/1.9.13/jackson-jaxrs-1.9.13.jar:/repository/org/codehaus/jackson/jackson-xc/1.9.13/jackson-xc-1.9.13.jar:/repository/com/google/inject/guice/3.0/guice-3.0.jar:/repository/javax/inject/javax.inject/1/javax.inject-1.jar:/repository/aopalliance/aopalliance/1.0/aopalliance-1.0.jar:/repository/com/sun/jersey/jersey-json/1.9/jersey-json-1.9.jar:/repository/org/codehaus/jettison/jettison/1.1/jettison-1.1.jar:/repository/com/sun/xml/bind/jaxb-impl/2.2.3-1/jaxb-impl-2.2.3-1.jar:/repository/com/sun/jersey/contribs/jersey-guice/1.9/jersey-guice-1.9.jar:/repository/com/google/inject/extensions/guice-servlet/3.0/guice-servlet-3.0.jar:/repository/io/netty/netty/3.10.6.Final/netty-3.10.6.Final.jar:/repository/org/apache/hadoop/hadoop-hdfs/2.10.0/hadoop-hdfs-2.10.0.jar:/repository/org/apache/hadoop/hadoop-hdfs-client/2.10.0/hadoop-hdfs-client-2.10.0.jar:/repository/com/squareup/okhttp/okhttp/2.7.5/okhttp-2.7.5.jar:/repository/com/squareup/okio/okio/1.6.0/okio-1.6.0.jar:/repository/org/mortbay/jetty/jetty/6.1.26/jetty-6.1.26.jar:/repository/org/mortbay/jetty/jetty-util/6.1.26/jetty-util-6.1.26.jar:/repository/com/sun/jersey/jersey-server/1.9/jersey-server-1.9.jar:/repository/asm/asm/3.1/asm-3.1.jar:/repository/commons-daemon/commons-daemon/1.0.13/commons-daemon-1.0.13.jar:/repository/io/netty/netty-all/4.0.23.Final/netty-all-4.0.23.Final.jar:/repository/org/fusesource/leveldbjni/leveldbjni-all/1.8/leveldbjni-all-1.8.jar:/repository/com/fasterxml/jackson/core/jackson-databind/2.7.8/jackson-databind-2.7.8.jar:/repository/com/fasterxml/jackson/core/jackson-annotations/2.7.0/jackson-annotations-2.7.0.jar:/repository/com/fasterxml/jackson/core/jackson-core/2.7.8/jackson-core-2.7.8.jar:/repository/org/apache/logging/log4j/log4j-core/2.8.2/log4j-core-2.8.2.jar:/repository/org/apache/logging/log4j/log4j-api/2.8.2/log4j-api-2.8.2.jar:/repository/org/junit/jupiter/junit-jupiter-api/5.4.2/junit-jupiter-api-5.4.2.jar:/repository/org/apiguardian/apiguardian-api/1.0.0/apiguardian-api-1.0.0.jar:/repository/org/opentest4j/opentest4j/1.1.1/opentest4j-1.1.1.jar:/repository/org/junit/platform/junit-platform-commons/1.4.2/junit-platform-commons-1.4.2.jar:/repository/org/junit/jupiter/junit-jupiter-engine/5.4.2/junit-jupiter-engine-5.4.2.jar:/repository/org/junit/platform/junit-platform-engine/1.4.2/junit-platform-engine-1.4.2.jar:"/>
    <property name="java.vm.vendor" value="AdoptOpenJDK"/>
    <property name="sun.arch.data.model" value="64"/>
    <property name="java.vendor.url" value="https://adoptopenjdk.net/"/>
    <property name="user.timezone" value=""/>
    <property name="java.vm.specification.version" value="1.8"/>
    <property name="os.name" value="Linux"/>
    <property name="sun.java.launcher" value="SUN_STANDARD"/>
    <property name="sun.boot.library.path" value="/opt/jdk8u282-b08/jre/lib/amd64"/>
    <property name="sun.java.command" value="/tmp/hbase/target/surefire/surefirebooter7206041511370110197.jar /tmp/hbase/target/surefire 2021-07-06T15-22-25_374-jvmRun1 surefire3807364529087121198tmp surefire_01356003751413177605tmp"/>
    <property name="test" value="TestApi#tableExist"/>
    <property name="surefire.test.class.path" value="/tmp/hbase/target/test-classes:/tmp/hbase/target/classes:/repository/org/apache/hbase/hbase-client/2.4.2/hbase-client-2.4.2.jar:/repository/org/apache/hbase/thirdparty/hbase-shaded-protobuf/3.4.1/hbase-shaded-protobuf-3.4.1.jar:/repository/org/apache/hbase/hbase-common/2.4.2/hbase-common-2.4.2.jar:/repository/org/apache/hbase/hbase-logging/2.4.2/hbase-logging-2.4.2.jar:/repository/org/apache/hbase/thirdparty/hbase-shaded-gson/3.4.1/hbase-shaded-gson-3.4.1.jar:/repository/org/apache/hbase/hbase-hadoop-compat/2.4.2/hbase-hadoop-compat-2.4.2.jar:/repository/org/apache/hbase/hbase-hadoop2-compat/2.4.2/hbase-hadoop2-compat-2.4.2.jar:/repository/javax/activation/javax.activation-api/1.2.0/javax.activation-api-1.2.0.jar:/repository/org/apache/hbase/hbase-protocol-shaded/2.4.2/hbase-protocol-shaded-2.4.2.jar:/repository/org/apache/hbase/hbase-protocol/2.4.2/hbase-protocol-2.4.2.jar:/repository/commons-codec/commons-codec/1.13/commons-codec-1.13.jar:/repository/commons-io/commons-io/2.6/commons-io-2.6.jar:/repository/org/apache/commons/commons-lang3/3.9/commons-lang3-3.9.jar:/repository/org/slf4j/slf4j-api/1.7.30/slf4j-api-1.7.30.jar:/repository/org/apache/hbase/thirdparty/hbase-shaded-miscellaneous/3.4.1/hbase-shaded-miscellaneous-3.4.1.jar:/repository/com/google/errorprone/error_prone_annotations/2.3.4/error_prone_annotations-2.3.4.jar:/repository/com/google/protobuf/protobuf-java/2.5.0/protobuf-java-2.5.0.jar:/repository/org/apache/hbase/thirdparty/hbase-shaded-netty/3.4.1/hbase-shaded-netty-3.4.1.jar:/repository/org/apache/zookeeper/zookeeper/3.5.7/zookeeper-3.5.7.jar:/repository/org/apache/zookeeper/zookeeper-jute/3.5.7/zookeeper-jute-3.5.7.jar:/repository/io/netty/netty-handler/4.1.45.Final/netty-handler-4.1.45.Final.jar:/repository/io/netty/netty-common/4.1.45.Final/netty-common-4.1.45.Final.jar:/repository/io/netty/netty-buffer/4.1.45.Final/netty-buffer-4.1.45.Final.jar:/repository/io/netty/netty-transport/4.1.45.Final/netty-transport-4.1.45.Final.jar:/repository/io/netty/netty-resolver/4.1.45.Final/netty-resolver-4.1.45.Final.jar:/repository/io/netty/netty-codec/4.1.45.Final/netty-codec-4.1.45.Final.jar:/repository/io/netty/netty-transport-native-epoll/4.1.45.Final/netty-transport-native-epoll-4.1.45.Final.jar:/repository/io/netty/netty-transport-native-unix-common/4.1.45.Final/netty-transport-native-unix-common-4.1.45.Final.jar:/repository/org/apache/htrace/htrace-core4/4.2.0-incubating/htrace-core4-4.2.0-incubating.jar:/repository/org/jruby/jcodings/jcodings/1.0.55/jcodings-1.0.55.jar:/repository/org/jruby/joni/joni/2.1.31/joni-2.1.31.jar:/repository/io/dropwizard/metrics/metrics-core/3.2.6/metrics-core-3.2.6.jar:/repository/org/apache/commons/commons-crypto/1.0.0/commons-crypto-1.0.0.jar:/repository/org/apache/hadoop/hadoop-auth/2.10.0/hadoop-auth-2.10.0.jar:/repository/log4j/log4j/1.2.17/log4j-1.2.17.jar:/repository/org/slf4j/slf4j-log4j12/1.7.25/slf4j-log4j12-1.7.25.jar:/repository/org/apache/httpcomponents/httpclient/4.5.2/httpclient-4.5.2.jar:/repository/org/apache/httpcomponents/httpcore/4.4.4/httpcore-4.4.4.jar:/repository/com/nimbusds/nimbus-jose-jwt/4.41.1/nimbus-jose-jwt-4.41.1.jar:/repository/com/github/stephenc/jcip/jcip-annotations/1.0-1/jcip-annotations-1.0-1.jar:/repository/org/apache/directory/server/apacheds-kerberos-codec/2.0.0-M15/apacheds-kerberos-codec-2.0.0-M15.jar:/repository/org/apache/directory/server/apacheds-i18n/2.0.0-M15/apacheds-i18n-2.0.0-M15.jar:/repository/org/apache/directory/api/api-asn1-api/1.0.0-M20/api-asn1-api-1.0.0-M20.jar:/repository/org/apache/directory/api/api-util/1.0.0-M20/api-util-1.0.0-M20.jar:/repository/org/apache/curator/curator-framework/2.7.1/curator-framework-2.7.1.jar:/repository/org/apache/hadoop/hadoop-common/2.10.0/hadoop-common-2.10.0.jar:/repository/com/google/guava/guava/11.0.2/guava-11.0.2.jar:/repository/commons-cli/commons-cli/1.2/commons-cli-1.2.jar:/repository/xmlenc/xmlenc/0.52/xmlenc-0.52.jar:/repository/commons-net/commons-net/3.1/commons-net-3.1.jar:/repository/commons-collections/commons-collections/3.2.2/commons-collections-3.2.2.jar:/repository/org/mortbay/jetty/jetty-sslengine/6.1.26/jetty-sslengine-6.1.26.jar:/repository/commons-logging/commons-logging/1.1.3/commons-logging-1.1.3.jar:/repository/commons-lang/commons-lang/2.6/commons-lang-2.6.jar:/repository/commons-configuration/commons-configuration/1.6/commons-configuration-1.6.jar:/repository/commons-digester/commons-digester/1.8/commons-digester-1.8.jar:/repository/commons-beanutils/commons-beanutils/1.9.4/commons-beanutils-1.9.4.jar:/repository/org/codehaus/jackson/jackson-core-asl/1.9.13/jackson-core-asl-1.9.13.jar:/repository/org/codehaus/jackson/jackson-mapper-asl/1.9.13/jackson-mapper-asl-1.9.13.jar:/repository/org/apache/avro/avro/1.7.7/avro-1.7.7.jar:/repository/com/thoughtworks/paranamer/paranamer/2.3/paranamer-2.3.jar:/repository/org/xerial/snappy/snappy-java/1.0.5/snappy-java-1.0.5.jar:/repository/com/google/code/gson/gson/2.2.4/gson-2.2.4.jar:/repository/com/jcraft/jsch/0.1.54/jsch-0.1.54.jar:/repository/org/apache/curator/curator-client/2.7.1/curator-client-2.7.1.jar:/repository/org/apache/curator/curator-recipes/2.7.1/curator-recipes-2.7.1.jar:/repository/com/google/code/findbugs/jsr305/3.0.0/jsr305-3.0.0.jar:/repository/org/apache/commons/commons-compress/1.19/commons-compress-1.19.jar:/repository/org/codehaus/woodstox/stax2-api/3.1.4/stax2-api-3.1.4.jar:/repository/com/fasterxml/woodstox/woodstox-core/5.0.3/woodstox-core-5.0.3.jar:/repository/org/apache/yetus/audience-annotations/0.5.0/audience-annotations-0.5.0.jar:/repository/org/apache/hbase/hbase-server/2.4.2/hbase-server-2.4.2.jar:/repository/org/apache/hbase/hbase-http/2.4.2/hbase-http-2.4.2.jar:/repository/org/apache/hbase/thirdparty/hbase-shaded-jetty/3.4.1/hbase-shaded-jetty-3.4.1.jar:/repository/org/apache/hbase/thirdparty/hbase-shaded-jersey/3.4.1/hbase-shaded-jersey-3.4.1.jar:/repository/jakarta/ws/rs/jakarta.ws.rs-api/2.1.6/jakarta.ws.rs-api-2.1.6.jar:/repository/jakarta/annotation/jakarta.annotation-api/1.3.5/jakarta.annotation-api-1.3.5.jar:/repository/jakarta/validation/jakarta.validation-api/2.0.2/jakarta.validation-api-2.0.2.jar:/repository/org/glassfish/hk2/external/jakarta.inject/2.6.1/jakarta.inject-2.6.1.jar:/repository/org/javassist/javassist/3.25.0-GA/javassist-3.25.0-GA.jar:/repository/javax/ws/rs/javax.ws.rs-api/2.1.1/javax.ws.rs-api-2.1.1.jar:/repository/org/apache/hbase/hbase-procedure/2.4.2/hbase-procedure-2.4.2.jar:/repository/org/apache/hbase/hbase-zookeeper/2.4.2/hbase-zookeeper-2.4.2.jar:/repository/org/apache/hbase/hbase-replication/2.4.2/hbase-replication-2.4.2.jar:/repository/org/apache/hbase/hbase-metrics-api/2.4.2/hbase-metrics-api-2.4.2.jar:/repository/org/apache/hbase/hbase-metrics/2.4.2/hbase-metrics-2.4.2.jar:/repository/org/apache/hbase/hbase-asyncfs/2.4.2/hbase-asyncfs-2.4.2.jar:/repository/org/glassfish/web/javax.servlet.jsp/2.3.2/javax.servlet.jsp-2.3.2.jar:/repository/org/glassfish/javax.el/3.0.1-b12/javax.el-3.0.1-b12.jar:/repository/javax/servlet/jsp/javax.servlet.jsp-api/2.3.1/javax.servlet.jsp-api-2.3.1.jar:/repository/com/github/ben-manes/caffeine/caffeine/2.8.1/caffeine-2.8.1.jar:/repository/org/checkerframework/checker-qual/3.1.0/checker-qual-3.1.0.jar:/repository/org/apache/commons/commons-math3/3.6.1/commons-math3-3.6.1.jar:/repository/org/jamon/jamon-runtime/2.4.1/jamon-runtime-2.4.1.jar:/repository/javax/servlet/javax.servlet-api/3.1.0/javax.servlet-api-3.1.0.jar:/repository/com/lmax/disruptor/3.4.2/disruptor-3.4.2.jar:/repository/org/apache/hadoop/hadoop-distcp/2.10.0/hadoop-distcp-2.10.0.jar:/repository/org/apache/hadoop/hadoop-annotations/2.10.0/hadoop-annotations-2.10.0.jar:/opt/jdk8u282-b08/jre/../lib/tools.jar:/repository/org/apache/hadoop/hadoop-mapreduce-client-core/2.10.0/hadoop-mapreduce-client-core-2.10.0.jar:/repository/org/apache/hadoop/hadoop-yarn-client/2.10.0/hadoop-yarn-client-2.10.0.jar:/repository/org/apache/hadoop/hadoop-yarn-api/2.10.0/hadoop-yarn-api-2.10.0.jar:/repository/org/apache/hadoop/hadoop-yarn-common/2.10.0/hadoop-yarn-common-2.10.0.jar:/repository/javax/servlet/servlet-api/2.5/servlet-api-2.5.jar:/repository/com/sun/jersey/jersey-core/1.9/jersey-core-1.9.jar:/repository/com/sun/jersey/jersey-client/1.9/jersey-client-1.9.jar:/repository/org/codehaus/jackson/jackson-jaxrs/1.9.13/jackson-jaxrs-1.9.13.jar:/repository/org/codehaus/jackson/jackson-xc/1.9.13/jackson-xc-1.9.13.jar:/repository/com/google/inject/guice/3.0/guice-3.0.jar:/repository/javax/inject/javax.inject/1/javax.inject-1.jar:/repository/aopalliance/aopalliance/1.0/aopalliance-1.0.jar:/repository/com/sun/jersey/jersey-json/1.9/jersey-json-1.9.jar:/repository/org/codehaus/jettison/jettison/1.1/jettison-1.1.jar:/repository/com/sun/xml/bind/jaxb-impl/2.2.3-1/jaxb-impl-2.2.3-1.jar:/repository/com/sun/jersey/contribs/jersey-guice/1.9/jersey-guice-1.9.jar:/repository/com/google/inject/extensions/guice-servlet/3.0/guice-servlet-3.0.jar:/repository/io/netty/netty/3.10.6.Final/netty-3.10.6.Final.jar:/repository/org/apache/hadoop/hadoop-hdfs/2.10.0/hadoop-hdfs-2.10.0.jar:/repository/org/apache/hadoop/hadoop-hdfs-client/2.10.0/hadoop-hdfs-client-2.10.0.jar:/repository/com/squareup/okhttp/okhttp/2.7.5/okhttp-2.7.5.jar:/repository/com/squareup/okio/okio/1.6.0/okio-1.6.0.jar:/repository/org/mortbay/jetty/jetty/6.1.26/jetty-6.1.26.jar:/repository/org/mortbay/jetty/jetty-util/6.1.26/jetty-util-6.1.26.jar:/repository/com/sun/jersey/jersey-server/1.9/jersey-server-1.9.jar:/repository/asm/asm/3.1/asm-3.1.jar:/repository/commons-daemon/commons-daemon/1.0.13/commons-daemon-1.0.13.jar:/repository/io/netty/netty-all/4.0.23.Final/netty-all-4.0.23.Final.jar:/repository/org/fusesource/leveldbjni/leveldbjni-all/1.8/leveldbjni-all-1.8.jar:/repository/com/fasterxml/jackson/core/jackson-databind/2.7.8/jackson-databind-2.7.8.jar:/repository/com/fasterxml/jackson/core/jackson-annotations/2.7.0/jackson-annotations-2.7.0.jar:/repository/com/fasterxml/jackson/core/jackson-core/2.7.8/jackson-core-2.7.8.jar:/repository/org/apache/logging/log4j/log4j-core/2.8.2/log4j-core-2.8.2.jar:/repository/org/apache/logging/log4j/log4j-api/2.8.2/log4j-api-2.8.2.jar:/repository/org/junit/jupiter/junit-jupiter-api/5.4.2/junit-jupiter-api-5.4.2.jar:/repository/org/apiguardian/apiguardian-api/1.0.0/apiguardian-api-1.0.0.jar:/repository/org/opentest4j/opentest4j/1.1.1/opentest4j-1.1.1.jar:/repository/org/junit/platform/junit-platform-commons/1.4.2/junit-platform-commons-1.4.2.jar:/repository/org/junit/jupiter/junit-jupiter-engine/5.4.2/junit-jupiter-engine-5.4.2.jar:/repository/org/junit/platform/junit-platform-engine/1.4.2/junit-platform-engine-1.4.2.jar:"/>
    <property name="sun.cpu.endian" value="little"/>
    <property name="user.home" value="/home/liubin"/>
    <property name="user.language" value="en"/>
    <property name="java.specification.vendor" value="Oracle Corporation"/>
    <property name="java.home" value="/opt/jdk8u282-b08/jre"/>
    <property name="basedir" value="/tmp/hbase"/>
    <property name="file.separator" value="/"/>
    <property name="line.separator" value="&#10;"/>
    <property name="java.vm.specification.vendor" value="Oracle Corporation"/>
    <property name="java.specification.name" value="Java Platform API Specification"/>
    <property name="java.awt.graphicsenv" value="sun.awt.X11GraphicsEnvironment"/>
    <property name="surefire.real.class.path" value="/tmp/hbase/target/surefire/surefirebooter7206041511370110197.jar"/>
    <property name="sun.boot.class.path" value="/opt/jdk8u282-b08/jre/lib/resources.jar:/opt/jdk8u282-b08/jre/lib/rt.jar:/opt/jdk8u282-b08/jre/lib/sunrsasign.jar:/opt/jdk8u282-b08/jre/lib/jsse.jar:/opt/jdk8u282-b08/jre/lib/jce.jar:/opt/jdk8u282-b08/jre/lib/charsets.jar:/opt/jdk8u282-b08/jre/lib/jfr.jar:/opt/jdk8u282-b08/jre/classes"/>
    <property name="sun.management.compiler" value="HotSpot 64-Bit Tiered Compilers"/>
    <property name="java.runtime.version" value="1.8.0_282-b08"/>
    <property name="user.name" value="liubin"/>
    <property name="path.separator" value=":"/>
    <property name="os.version" value="5.4.72-microsoft-standard-WSL2"/>
    <property name="java.endorsed.dirs" value="/opt/jdk8u282-b08/jre/lib/endorsed"/>
    <property name="java.runtime.name" value="OpenJDK Runtime Environment"/>
    <property name="file.encoding" value="UTF-8"/>
    <property name="java.vm.name" value="OpenJDK 64-Bit Server VM"/>
    <property name="localRepository" value="/repository"/>
    <property name="java.vendor.url.bug" value="https://github.com/AdoptOpenJDK/openjdk-support/issues"/>
    <property name="java.io.tmpdir" value="/tmp"/>
    <property name="java.version" value="1.8.0_282"/>
    <property name="user.dir" value="/tmp/hbase"/>
    <property name="os.arch" value="amd64"/>
    <property name="java.vm.specification.name" value="Java Virtual Machine Specification"/>
    <property name="java.awt.printerjob" value="sun.print.PSPrinterJob"/>
    <property name="sun.os.patch.level" value="unknown"/>
    <property name="java.library.path" value="/usr/java/packages/lib/amd64:/usr/lib64:/lib64:/lib:/usr/lib"/>
    <property name="java.vm.info" value="mixed mode"/>
    <property name="java.vendor" value="AdoptOpenJDK"/>
    <property name="java.vm.version" value="25.282-b08"/>
    <property name="java.ext.dirs" value="/opt/jdk8u282-b08/jre/lib/ext:/usr/java/packages/lib/ext"/>
    <property name="sun.io.unicode.encoding" value="UnicodeLittle"/>
    <property name="java.class.version" value="52.0"/>
  </properties>
  <testcase name="tableExist" classname="TestApi" time="0.278"/>
</testsuite>